<?xml version="1.0" encoding="UTF-8"?>
<!-- Generated by org.testng.reporters.JUnitXMLReporter -->
<testsuite hostname="ATMECSINLT-033" ignored="1" name="HomePageScript" tests="15" failures="0" timestamp="22 Oct 2019 11:37:01 GMT" time="1.268" errors="0">
  <testcase name="@BeforeTest intitailizeBrowser" time="0.05" classname="com.atmecs.Konakart.testbase.TestBase">
    <failure type="java.lang.NullPointerException">
      <![CDATA[java.lang.NullPointerException
at com.atmecs.Konakart.testbase.TestBase.intitailizeBrowser(TestBase.java:67)
at sun.reflect.NativeMethodAccessorImpl.invoke0(Native Method)
at sun.reflect.NativeMethodAccessorImpl.invoke(NativeMethodAccessorImpl.java:62)
at sun.reflect.DelegatingMethodAccessorImpl.invoke(DelegatingMethodAccessorImpl.java:43)
at java.lang.reflect.Method.invoke(Method.java:498)
at org.testng.internal.MethodInvocationHelper.invokeMethod(MethodInvocationHelper.java:124)
at org.testng.internal.MethodInvocationHelper.invokeMethodConsideringTimeout(MethodInvocationHelper.java:59)
at org.testng.internal.Invoker.invokeConfigurationMethod(Invoker.java:458)
at org.testng.internal.Invoker.invokeConfigurations(Invoker.java:222)
at org.testng.internal.Invoker.invokeConfigurations(Invoker.java:142)
at org.testng.TestRunner.beforeRun(TestRunner.java:529)
at org.testng.TestRunner.run(TestRunner.java:497)
at org.testng.SuiteRunner.runTest(SuiteRunner.java:455)
at org.testng.SuiteRunner.runSequentially(SuiteRunner.java:450)
at org.testng.SuiteRunner.privateRun(SuiteRunner.java:415)
at org.testng.SuiteRunner.run(SuiteRunner.java:364)
at org.testng.SuiteRunnerWorker.runSuite(SuiteRunnerWorker.java:52)
at org.testng.SuiteRunnerWorker.run(SuiteRunnerWorker.java:84)
at org.testng.TestNG.runSuitesSequentially(TestNG.java:1208)
at org.testng.TestNG.runSuitesLocally(TestNG.java:1137)
at org.testng.TestNG.runSuites(TestNG.java:1049)
at org.testng.TestNG.run(TestNG.java:1017)
at com.atmecs.Konakart.parallel.Testng.main(Testng.java:71)
]]>
    </failure>
  </testcase> <!-- @BeforeTest intitailizeBrowser -->
  <testcase name="productSearchScript" time="0.0" classname="com.atmecs.Konakart.testscripts.ProductSearchTestScripts">
    <skipped/>
  </testcase> <!-- productSearchScript -->
  <testcase name="productSearchScript" time="0.0" classname="com.atmecs.Konakart.testscripts.ProductSearchTestScripts">
    <skipped/>
  </testcase> <!-- productSearchScript -->
  <testcase name="productSearchScript" time="0.0" classname="com.atmecs.Konakart.testscripts.ProductSearchTestScripts">
    <skipped/>
  </testcase> <!-- productSearchScript -->
  <testcase name="productSearchScript" time="0.0" classname="com.atmecs.Konakart.testscripts.ProductSearchTestScripts">
    <skipped/>
  </testcase> <!-- productSearchScript -->
  <testcase name="productSearchScript" time="0.0" classname="com.atmecs.Konakart.testscripts.ProductSearchTestScripts">
    <skipped/>
  </testcase> <!-- productSearchScript -->
  <testcase name="productSearchScript" time="0.0" classname="com.atmecs.Konakart.testscripts.ProductSearchTestScripts">
    <skipped/>
  </testcase> <!-- productSearchScript -->
  <testcase name="productSearchScript" time="0.0" classname="com.atmecs.Konakart.testscripts.ProductSearchTestScripts">
    <skipped/>
  </testcase> <!-- productSearchScript -->
  <testcase name="negativesearch" time="0.0" classname="com.atmecs.Konakart.testscripts.ProductSearchTestScripts">
    <skipped/>
  </testcase> <!-- negativesearch -->
  <testcase name="negativesearch" time="0.0" classname="com.atmecs.Konakart.testscripts.ProductSearchTestScripts">
    <skipped/>
  </testcase> <!-- negativesearch -->
  <testcase name="negativesearch" time="0.0" classname="com.atmecs.Konakart.testscripts.ProductSearchTestScripts">
    <skipped/>
  </testcase> <!-- negativesearch -->
  <testcase name="negativesearch" time="0.0" classname="com.atmecs.Konakart.testscripts.ProductSearchTestScripts">
    <skipped/>
  </testcase> <!-- negativesearch -->
  <testcase name="negativesearch" time="0.0" classname="com.atmecs.Konakart.testscripts.ProductSearchTestScripts">
    <skipped/>
  </testcase> <!-- negativesearch -->
  <testcase name="negativesearch" time="0.0" classname="com.atmecs.Konakart.testscripts.ProductSearchTestScripts">
    <skipped/>
  </testcase> <!-- negativesearch -->
  <testcase name="negativesearch" time="0.0" classname="com.atmecs.Konakart.testscripts.ProductSearchTestScripts">
    <skipped/>
  </testcase> <!-- negativesearch -->
  <testcase name="select" time="0.0" classname="com.atmecs.Konakart.testscripts.SecondScenerio">
    <skipped/>
  </testcase> <!-- select -->
  <testcase name="@BeforeTest intitailizeBrowser" time="0.0" classname="com.atmecs.Konakart.testbase.TestBase">
    <ignored/>
  </testcase> <!-- @BeforeTest intitailizeBrowser -->
</testsuite> <!-- HomePageScript -->
