<?xml version="1.0" encoding="UTF-8"?>
<!-- Generated by org.testng.reporters.JUnitXMLReporter -->
<testsuite hostname="ATMECSINLT-033" ignored="1" name="ProductDetailsScript" tests="15" failures="0" timestamp="24 Oct 2019 10:05:15 GMT" time="1.033" errors="0">
  <testcase name="@BeforeTest intitailizeBrowser" time="0.0" classname="com.atmecs.Konakart.testbase.TestBase">
    <failure type="org.testng.TestNGException" message="
Parameter &amp;apos;browsername&amp;apos; is required by BeforeTest on method intitailizeBrowser but has not been marked @Optional or defined
">
      <![CDATA[org.testng.TestNGException: 
Parameter 'browsername' is required by BeforeTest on method intitailizeBrowser but has not been marked @Optional or defined

at org.testng.internal.Parameters.createParams(Parameters.java:290)
at org.testng.internal.Parameters.createParametersForMethod(Parameters.java:359)
at org.testng.internal.Parameters.createParameters(Parameters.java:620)
at org.testng.internal.Parameters.createConfigurationParameters(Parameters.java:190)
at org.testng.internal.Invoker.invokeConfigurations(Invoker.java:209)
at org.testng.internal.Invoker.invokeConfigurations(Invoker.java:142)
at org.testng.TestRunner.beforeRun(TestRunner.java:529)
at org.testng.TestRunner.run(TestRunner.java:497)
at org.testng.SuiteRunner.runTest(SuiteRunner.java:455)
at org.testng.SuiteRunner.access$000(SuiteRunner.java:40)
at org.testng.SuiteRunner$SuiteWorker.run(SuiteRunner.java:489)
at org.testng.internal.thread.ThreadUtil$1.call(ThreadUtil.java:52)
at java.util.concurrent.FutureTask.run(FutureTask.java:266)
at java.util.concurrent.ThreadPoolExecutor.runWorker(ThreadPoolExecutor.java:1149)
at java.util.concurrent.ThreadPoolExecutor$Worker.run(ThreadPoolExecutor.java:624)
at java.lang.Thread.run(Thread.java:748)
]]>
    </failure>
  </testcase> <!-- @BeforeTest intitailizeBrowser -->
  <testcase name="productSearchScript" time="0.0" classname="com.atmecs.Konakart.testscripts.ProductSearchTestScripts">
    <skipped/>
  </testcase> <!-- productSearchScript -->
  <testcase name="productSearchScript" time="0.0" classname="com.atmecs.Konakart.testscripts.ProductSearchTestScripts">
    <skipped/>
  </testcase> <!-- productSearchScript -->
  <testcase name="productSearchScript" time="0.0" classname="com.atmecs.Konakart.testscripts.ProductSearchTestScripts">
    <skipped/>
  </testcase> <!-- productSearchScript -->
  <testcase name="productSearchScript" time="0.0" classname="com.atmecs.Konakart.testscripts.ProductSearchTestScripts">
    <skipped/>
  </testcase> <!-- productSearchScript -->
  <testcase name="productSearchScript" time="0.0" classname="com.atmecs.Konakart.testscripts.ProductSearchTestScripts">
    <skipped/>
  </testcase> <!-- productSearchScript -->
  <testcase name="productSearchScript" time="0.0" classname="com.atmecs.Konakart.testscripts.ProductSearchTestScripts">
    <skipped/>
  </testcase> <!-- productSearchScript -->
  <testcase name="productSearchScript" time="0.0" classname="com.atmecs.Konakart.testscripts.ProductSearchTestScripts">
    <skipped/>
  </testcase> <!-- productSearchScript -->
  <testcase name="negativesearch" time="0.0" classname="com.atmecs.Konakart.testscripts.ProductSearchTestScripts">
    <skipped/>
  </testcase> <!-- negativesearch -->
  <testcase name="negativesearch" time="0.0" classname="com.atmecs.Konakart.testscripts.ProductSearchTestScripts">
    <skipped/>
  </testcase> <!-- negativesearch -->
  <testcase name="negativesearch" time="0.0" classname="com.atmecs.Konakart.testscripts.ProductSearchTestScripts">
    <skipped/>
  </testcase> <!-- negativesearch -->
  <testcase name="negativesearch" time="0.0" classname="com.atmecs.Konakart.testscripts.ProductSearchTestScripts">
    <skipped/>
  </testcase> <!-- negativesearch -->
  <testcase name="negativesearch" time="0.0" classname="com.atmecs.Konakart.testscripts.ProductSearchTestScripts">
    <skipped/>
  </testcase> <!-- negativesearch -->
  <testcase name="negativesearch" time="0.0" classname="com.atmecs.Konakart.testscripts.ProductSearchTestScripts">
    <skipped/>
  </testcase> <!-- negativesearch -->
  <testcase name="negativesearch" time="0.0" classname="com.atmecs.Konakart.testscripts.ProductSearchTestScripts">
    <skipped/>
  </testcase> <!-- negativesearch -->
  <testcase name="select" time="0.0" classname="com.atmecs.Konakart.testscripts.SecondScenerio">
    <skipped/>
  </testcase> <!-- select -->
  <testcase name="@BeforeTest intitailizeBrowser" time="0.0" classname="com.atmecs.Konakart.testbase.TestBase">
    <ignored/>
  </testcase> <!-- @BeforeTest intitailizeBrowser -->
</testsuite> <!-- ProductDetailsScript -->
