<?xml version="1.0" encoding="UTF-8"?>
<testng-results skipped="0" failed="0" ignored="0" total="1" passed="1">
  <reporter-output>
  </reporter-output>
  <suite name="Default suite" duration-ms="114271" started-at="2019-10-24T11:56:47Z" finished-at="2019-10-24T11:58:41Z">
    <groups>
    </groups>
    <test name="Default test" duration-ms="114271" started-at="2019-10-24T11:56:47Z" finished-at="2019-10-24T11:58:41Z">
      <class name="com.atmecs.Konakart.parallel.Testng">
        <test-method status="PASS" signature="base()[pri:0, instance:com.atmecs.Konakart.parallel.Testng@1e88b3c]" name="base" duration-ms="114236" started-at="2019-10-24T11:56:47Z" finished-at="2019-10-24T11:58:41Z">
          <reporter-output>
          </reporter-output>
        </test-method> <!-- base -->
      </class> <!-- com.atmecs.Konakart.parallel.Testng -->
    </test> <!-- Default test -->
  </suite> <!-- Default suite -->
</testng-results>
