#set( $symbol_pound = '#' )
#set( $symbol_dollar = '$' )
#set( $symbol_escape = '\' )
<?xml version="1.0" encoding="UTF-8"?>
<!-- Generated by org.testng.reporters.JUnitXMLReporter -->
<testsuite hostname="ATMECSINLT-033" ignored="1" name="Test" tests="4" failures="0" timestamp="09 Oct 2019 15:11:13 GMT" time="14.928" errors="0">
  <testcase name="productSearchScript" time="1.747" classname="${package}.${artifactId}.testscripts.ProductSearchTestScripts"/>
  <testcase name="negativesearch" time="3.01" classname="${package}.${artifactId}.testscripts.ProductSearchTestScripts"/>
  <testcase name="select" time="9.063" classname="${package}.${artifactId}.testscripts.SecondScenerio"/>
  <testcase name="date" time="0.0" classname="${package}.${artifactId}.testscripts.SecondScenerio">
    <skipped/>
  </testcase> <!-- date -->
  <testcase name="@BeforeSuite intitailizeBrowser" time="0.0" classname="${package}.${artifactId}.testbase.TestBase">
    <ignored/>
  </testcase> <!-- @BeforeSuite intitailizeBrowser -->
</testsuite> <!-- Test -->
