<?xml version="1.0" encoding="UTF-8"?>
<!-- Generated by org.testng.reporters.JUnitXMLReporter -->
<testsuite hostname="ATMECSINLT-033" ignored="1" name="Test" tests="4" failures="0" timestamp="09 Oct 2019 15:11:13 GMT" time="14.928" errors="0">
  <testcase name="productSearchScript" time="1.747" classname="it.pkg.basic.testscripts.ProductSearchTestScripts"/>
  <testcase name="negativesearch" time="3.01" classname="it.pkg.basic.testscripts.ProductSearchTestScripts"/>
  <testcase name="select" time="9.063" classname="it.pkg.basic.testscripts.SecondScenerio"/>
  <testcase name="date" time="0.0" classname="it.pkg.basic.testscripts.SecondScenerio">
    <skipped/>
  </testcase> <!-- date -->
  <testcase name="@BeforeSuite intitailizeBrowser" time="0.0" classname="it.pkg.basic.testbase.TestBase">
    <ignored/>
  </testcase> <!-- @BeforeSuite intitailizeBrowser -->
</testsuite> <!-- Test -->
