<?xml version="1.0" encoding="UTF-8"?>
<!-- Generated by org.testng.reporters.JUnitXMLReporter -->
<testsuite hostname="ATMECSINLT-033" ignored="1" name="Test" tests="15" failures="1" timestamp="23 Oct 2019 11:51:27 GMT" time="33.697" errors="0">
  <testcase name="productSearchScript" time="4.409" classname="com.atmecs.Konakart.testscripts.ProductSearchTestScripts"/>
  <testcase name="productSearchScript" time="1.954" classname="com.atmecs.Konakart.testscripts.ProductSearchTestScripts"/>
  <testcase name="productSearchScript" time="1.714" classname="com.atmecs.Konakart.testscripts.ProductSearchTestScripts"/>
  <testcase name="productSearchScript" time="1.233" classname="com.atmecs.Konakart.testscripts.ProductSearchTestScripts"/>
  <testcase name="productSearchScript" time="1.466" classname="com.atmecs.Konakart.testscripts.ProductSearchTestScripts"/>
  <testcase name="productSearchScript" time="1.367" classname="com.atmecs.Konakart.testscripts.ProductSearchTestScripts"/>
  <testcase name="productSearchScript" time="1.462" classname="com.atmecs.Konakart.testscripts.ProductSearchTestScripts"/>
  <testcase name="negativesearch" time="3.252" classname="com.atmecs.Konakart.testscripts.ProductSearchTestScripts"/>
  <testcase name="negativesearch" time="2.401" classname="com.atmecs.Konakart.testscripts.ProductSearchTestScripts"/>
  <testcase name="negativesearch" time="2.996" classname="com.atmecs.Konakart.testscripts.ProductSearchTestScripts"/>
  <testcase name="negativesearch" time="2.921" classname="com.atmecs.Konakart.testscripts.ProductSearchTestScripts"/>
  <testcase name="negativesearch" time="2.463" classname="com.atmecs.Konakart.testscripts.ProductSearchTestScripts"/>
  <testcase name="negativesearch" time="2.573" classname="com.atmecs.Konakart.testscripts.ProductSearchTestScripts"/>
  <testcase name="negativesearch" time="2.402" classname="com.atmecs.Konakart.testscripts.ProductSearchTestScripts"/>
  <testcase name="select" time="0.01" classname="com.atmecs.Konakart.testscripts.SecondScenerio">
    <failure type="java.lang.NullPointerException">
      <![CDATA[java.lang.NullPointerException
at com.atmecs.Konakart.helper.CommonUtlity.getElement(CommonUtlity.java:163)
at com.atmecs.Konakart.validations.HeroImageValidation.productDescriptionValidation(HeroImageValidation.java:33)
at com.atmecs.Konakart.testscripts.SecondScenerio.select(SecondScenerio.java:22)
... Removed 25 stack frames]]>
    </failure>
  </testcase> <!-- select -->
  <testcase name="@BeforeSuite intitailizeBrowser" time="0.0" classname="com.atmecs.Konakart.testbase.TestBase">
    <ignored/>
  </testcase> <!-- @BeforeSuite intitailizeBrowser -->
</testsuite> <!-- Test -->
