<?xml version="1.0" encoding="UTF-8"?>
<!-- Generated by org.testng.reporters.JUnitXMLReporter -->
<testsuite hostname="ATMECSINLT-033" ignored="1" name="Test1" tests="9" failures="0" timestamp="24 Oct 2019 06:48:26 GMT" time="1.461" errors="0">
  <testcase name="@BeforeTest intitailizeBrowser" time="0.015" classname="com.atmecs.Konakart.testbase.TestBase">
    <failure type="java.lang.NullPointerException">
      <![CDATA[java.lang.NullPointerException
at com.atmecs.Konakart.testbase.TestBase.intitailizeBrowser(TestBase.java:72)
at java.util.concurrent.FutureTask.run(FutureTask.java:266)
at java.util.concurrent.ThreadPoolExecutor.runWorker(ThreadPoolExecutor.java:1149)
at java.util.concurrent.ThreadPoolExecutor$Worker.run(ThreadPoolExecutor.java:624)
at java.lang.Thread.run(Thread.java:748)
... Removed 15 stack frames]]>
    </failure>
  </testcase> <!-- @BeforeTest intitailizeBrowser -->
  <testcase name="@BeforeTest intitailizeBrowser" time="0.018" classname="com.atmecs.Konakart.testbase.TestBase">
    <failure type="java.lang.NullPointerException">
      <![CDATA[java.lang.NullPointerException
at com.atmecs.Konakart.testbase.TestBase.intitailizeBrowser(TestBase.java:72)
at java.util.concurrent.FutureTask.run(FutureTask.java:266)
at java.util.concurrent.ThreadPoolExecutor.runWorker(ThreadPoolExecutor.java:1149)
at java.util.concurrent.ThreadPoolExecutor$Worker.run(ThreadPoolExecutor.java:624)
at java.lang.Thread.run(Thread.java:748)
... Removed 15 stack frames]]>
    </failure>
  </testcase> <!-- @BeforeTest intitailizeBrowser -->
  <testcase name="productSearchScript" time="0.0" classname="com.atmecs.Konakart.testscripts.ProductSearchTestScripts">
    <skipped/>
  </testcase> <!-- productSearchScript -->
  <testcase name="negativesearch" time="0.0" classname="com.atmecs.Konakart.testscripts.ProductSearchTestScripts">
    <skipped/>
  </testcase> <!-- negativesearch -->
  <testcase name="negativesearch" time="0.0" classname="com.atmecs.Konakart.testscripts.ProductSearchTestScripts">
    <skipped/>
  </testcase> <!-- negativesearch -->
  <testcase name="negativesearch" time="0.0" classname="com.atmecs.Konakart.testscripts.ProductSearchTestScripts">
    <skipped/>
  </testcase> <!-- negativesearch -->
  <testcase name="negativesearch" time="0.0" classname="com.atmecs.Konakart.testscripts.ProductSearchTestScripts">
    <skipped/>
  </testcase> <!-- negativesearch -->
  <testcase name="negativesearch" time="0.0" classname="com.atmecs.Konakart.testscripts.ProductSearchTestScripts">
    <skipped/>
  </testcase> <!-- negativesearch -->
  <testcase name="negativesearch" time="0.0" classname="com.atmecs.Konakart.testscripts.ProductSearchTestScripts">
    <skipped/>
  </testcase> <!-- negativesearch -->
  <testcase name="negativesearch" time="0.0" classname="com.atmecs.Konakart.testscripts.ProductSearchTestScripts">
    <skipped/>
  </testcase> <!-- negativesearch -->
  <testcase name="select" time="0.0" classname="com.atmecs.Konakart.testscripts.SecondScenerio">
    <skipped/>
  </testcase> <!-- select -->
  <testcase name="@BeforeTest intitailizeBrowser" time="0.0" classname="com.atmecs.Konakart.testbase.TestBase">
    <ignored/>
  </testcase> <!-- @BeforeTest intitailizeBrowser -->
</testsuite> <!-- Test1 -->
