<?xml version="1.0" encoding="UTF-8"?>
<!-- Generated by org.testng.reporters.JUnitXMLReporter -->
<testsuite hostname="ATMECSINLT-033" ignored="0" name="Default test" tests="2" failures="0" timestamp="16 Oct 2019 11:06:03 GMT" time="6.966" errors="0">
  <testcase name="productSearchScript" time="2.59" classname="it.pkg.basic.testscripts.ProductSearchTestScripts"/>
  <testcase name="negativesearch" time="3.4" classname="it.pkg.basic.testscripts.ProductSearchTestScripts"/>
</testsuite> <!-- Default test -->
